Devpmms/photoviewer/build/outputs/logs/manifest-merger-debug-report.txt
-- Merging decision tree log ---
manifest
ADDED from Devpmms/photoviewer/AndroidManifest.xml:18:1-24:12
INJECTED from Devpmms/photoviewer/AndroidManifest.xml:18:1-24:12
INJECTED from Devpmms/photoviewer/AndroidManifest.xml:18:1-24:12
INJECTED from Devpmms/photoviewer/AndroidManifest.xml:18:1-24:12
INJECTED from Devpmms/photoviewer/AndroidManifest.xml:18:1-24:12
	package
		ADDED from Devpmms/photoviewer/AndroidManifest.xml:19:5-35
		INJECTED from Devpmms/photoviewer/AndroidManifest.xml
		INJECTED from Devpmms/photoviewer/AndroidManifest.xml
	xmlns:android
		ADDED from Devpmms/photoviewer/AndroidManifest.xml:18:11-69
	android:versionCode
		ADDED from Devpmms/photoviewer/AndroidManifest.xml:20:5-28
		INJECTED from Devpmms/photoviewer/AndroidManifest.xml
		INJECTED from Devpmms/photoviewer/AndroidManifest.xml
application
ADDED from Devpmms/photoviewer/AndroidManifest.xml:23:5-20